<?xml version="1.0" encoding="UTF-8"?>
<testng-results ignored="0" total="1" passed="1" failed="0" skipped="0">
  <reporter-output>
  </reporter-output>
  <suite started-at="2024-02-16T12:06:58 IST" name="Suite" finished-at="2024-02-16T12:07:10 IST" duration-ms="12068">
    <groups>
    </groups>
    <test started-at="2024-02-16T12:06:58 IST" name="Test" finished-at="2024-02-16T12:07:10 IST" duration-ms="12068">
      <class name="pageobjectmodel.Class3">
        <test-method signature="loginpage()[pri:0, instance:pageobjectmodel.Class3@7d3a22a9]" started-at="2024-02-16T12:06:58 IST" name="loginpage" finished-at="2024-02-16T12:07:10 IST" duration-ms="12010" status="PASS">
          <reporter-output>
          </reporter-output>
        </test-method> <!-- loginpage -->
      </class> <!-- pageobjectmodel.Class3 -->
    </test> <!-- Test -->
  </suite> <!-- Suite -->
</testng-results>
